# JRE version: OpenJDK Runtime Environment Temurin-21.0.9+10 (21.0.9+10) (build 21.0.9+10-LTS)
# Java VM: OpenJDK 64-Bit Server VM Temurin-21.0.9+10 (21.0.9+10-LTS, mixed mode, sharing, tiered, compressed oops, compressed class ptrs, parallel gc, windows-amd64)
GC Precious Log:
 CardTable entry size: 512
 CPUs: 16 total, 16 available
 Memory: 15585M
 Large Page Support: Disabled
 NUMA Support: Disabled
 Compressed Oops: Enabled (32-bit)
 Alignments: Space 512K, Generation 512K, Heap 2M
 Heap Min Capacity: 100M
 Heap Initial Capacity: 100M
 Heap Max Capacity: 2G
 Pre-touch: Disabled
 Parallel Workers: 13
Heap:
 PSYoungGen      total 7680K, used 2477K [0x00000000d5580000, 0x00000000d5e00000, 0x0000000100000000)
  eden space 7168K, 34% used [0x00000000d5580000,0x00000000d57eb680,0x00000000d5c80000)
  from space 512K, 0% used [0x00000000d5d80000,0x00000000d5d80000,0x00000000d5e00000)
  to   space 512K, 0% used [0x00000000d5d00000,0x00000000d5d00000,0x00000000d5d80000)
 ParOldGen       total 603136K, used 114245K [0x0000000080000000, 0x00000000a4d00000, 0x00000000d5580000)
  object space 603136K, 18% used [0x0000000080000000,0x0000000086f91550,0x00000000a4d00000)
 Metaspace       used 84373K, committed 86592K, reserved 1179648K
  class space    used 8335K, committed 9216K, reserved 1048576K
GC Heap History (20 events):
Event: 2946.619 GC heap before
{Heap before GC invocations=1228 (full 4):
 PSYoungGen      total 8192K, used 7872K [0x00000000d5580000, 0x00000000d5e80000, 0x0000000100000000)
  eden space 7168K, 100% used [0x00000000d5580000,0x00000000d5c80000,0x00000000d5c80000)
  from space 1024K, 68% used [0x00000000d5c80000,0x00000000d5d30020,0x00000000d5d80000)
  to   space 1024K, 0% used [0x00000000d5d80000,0x00000000d5d80000,0x00000000d5e80000)
 ParOldGen       total 600576K, used 600524K [0x0000000080000000, 0x00000000a4a80000, 0x00000000d5580000)
  object space 600576K, 99% used [0x0000000080000000,0x00000000a4a731f0,0x00000000a4a80000)
 Metaspace       used 84711K, committed 86464K, reserved 1179648K
  class space    used 8446K, committed 9216K, reserved 1048576K
}
Event: 2946.621 GC heap after
{Heap after GC invocations=1228 (full 4):
 PSYoungGen      total 7680K, used 352K [0x00000000d5580000, 0x00000000d5e00000, 0x0000000100000000)
  eden space 7168K, 0% used [0x00000000d5580000,0x00000000d5580000,0x00000000d5c80000)
  from space 512K, 68% used [0x00000000d5d80000,0x00000000d5dd8000,0x00000000d5e00000)
  to   space 512K, 0% used [0x00000000d5d00000,0x00000000d5d00000,0x00000000d5d80000)
 ParOldGen       total 601088K, used 600856K [0x0000000080000000, 0x00000000a4b00000, 0x00000000d5580000)
  object space 601088K, 99% used [0x0000000080000000,0x00000000a4ac6240,0x00000000a4b00000)
 Metaspace       used 84711K, committed 86464K, reserved 1179648K
  class space    used 8446K, committed 9216K, reserved 1048576K
}
Event: 2946.967 GC heap before
{Heap before GC invocations=1229 (full 4):
 PSYoungGen      total 7680K, used 7520K [0x00000000d5580000, 0x00000000d5e00000, 0x0000000100000000)
  eden space 7168K, 100% used [0x00000000d5580000,0x00000000d5c80000,0x00000000d5c80000)
  from space 512K, 68% used [0x00000000d5d80000,0x00000000d5dd8000,0x00000000d5e00000)
  to   space 512K, 0% used [0x00000000d5d00000,0x00000000d5d00000,0x00000000d5d80000)
 ParOldGen       total 601088K, used 600856K [0x0000000080000000, 0x00000000a4b00000, 0x00000000d5580000)
  object space 601088K, 99% used [0x0000000080000000,0x00000000a4ac6240,0x00000000a4b00000)
 Metaspace       used 84711K, committed 86464K, reserved 1179648K
  class space    used 8446K, committed 9216K, reserved 1048576K
}
Event: 2946.969 GC heap after
{Heap after GC invocations=1229 (full 4):
 PSYoungGen      total 7680K, used 432K [0x00000000d5580000, 0x00000000d5e00000, 0x0000000100000000)
  eden space 7168K, 0% used [0x00000000d5580000,0x00000000d5580000,0x00000000d5c80000)
  from space 512K, 84% used [0x00000000d5d00000,0x00000000d5d6c120,0x00000000d5d80000)
  to   space 512K, 0% used [0x00000000d5d80000,0x00000000d5d80000,0x00000000d5e00000)
 ParOldGen       total 601088K, used 601008K [0x0000000080000000, 0x00000000a4b00000, 0x00000000d5580000)
  object space 601088K, 99% used [0x0000000080000000,0x00000000a4aec240,0x00000000a4b00000)
 Metaspace       used 84711K, committed 86464K, reserved 1179648K
  class space    used 8446K, committed 9216K, reserved 1048576K
}
Event: 2947.207 GC heap before
{Heap before GC invocations=1230 (full 4):
 PSYoungGen      total 7680K, used 7600K [0x00000000d5580000, 0x00000000d5e00000, 0x0000000100000000)
  eden space 7168K, 100% used [0x00000000d5580000,0x00000000d5c80000,0x00000000d5c80000)
  from space 512K, 84% used [0x00000000d5d00000,0x00000000d5d6c120,0x00000000d5d80000)
  to   space 512K, 0% used [0x00000000d5d80000,0x00000000d5d80000,0x00000000d5e00000)
 ParOldGen       total 601088K, used 601008K [0x0000000080000000, 0x00000000a4b00000, 0x00000000d5580000)
  object space 601088K, 99% used [0x0000000080000000,0x00000000a4aec240,0x00000000a4b00000)
 Metaspace       used 84716K, committed 86464K, reserved 1179648K
  class space    used 8446K, committed 9216K, reserved 1048576K
}
Event: 2947.208 GC heap after
{Heap after GC invocations=1230 (full 4):
 PSYoungGen      total 7680K, used 384K [0x00000000d5580000, 0x00000000d5e00000, 0x0000000100000000)
  eden space 7168K, 0% used [0x00000000d5580000,0x00000000d5580000,0x00000000d5c80000)
  from space 512K, 75% used [0x00000000d5d80000,0x00000000d5de0000,0x00000000d5e00000)
  to   space 512K, 0% used [0x00000000d5d00000,0x00000000d5d00000,0x00000000d5d80000)
 ParOldGen       total 601600K, used 601312K [0x0000000080000000, 0x00000000a4b80000, 0x00000000d5580000)
  object space 601600K, 99% used [0x0000000080000000,0x00000000a4b38360,0x00000000a4b80000)
 Metaspace       used 84716K, committed 86464K, reserved 1179648K
  class space    used 8446K, committed 9216K, reserved 1048576K
}
Event: 2947.341 GC heap before
{Heap before GC invocations=1231 (full 4):
 PSYoungGen      total 7680K, used 7552K [0x00000000d5580000, 0x00000000d5e00000, 0x0000000100000000)
  eden space 7168K, 100% used [0x00000000d5580000,0x00000000d5c80000,0x00000000d5c80000)
  from space 512K, 75% used [0x00000000d5d80000,0x00000000d5de0000,0x00000000d5e00000)
  to   space 512K, 0% used [0x00000000d5d00000,0x00000000d5d00000,0x00000000d5d80000)
 ParOldGen       total 601600K, used 601312K [0x0000000080000000, 0x00000000a4b80000, 0x00000000d5580000)
  object space 601600K, 99% used [0x0000000080000000,0x00000000a4b38360,0x00000000a4b80000)
 Metaspace       used 84716K, committed 86464K, reserved 1179648K
  class space    used 8446K, committed 9216K, reserved 1048576K
}
Event: 2947.343 GC heap after
{Heap after GC invocations=1231 (full 4):
 PSYoungGen      total 7680K, used 384K [0x00000000d5580000, 0x00000000d5e00000, 0x0000000100000000)
  eden space 7168K, 0% used [0x00000000d5580000,0x00000000d5580000,0x00000000d5c80000)
  from space 512K, 75% used [0x00000000d5d00000,0x00000000d5d60000,0x00000000d5d80000)
  to   space 512K, 0% used [0x00000000d5d80000,0x00000000d5d80000,0x00000000d5e00000)
 ParOldGen       total 601600K, used 601488K [0x0000000080000000, 0x00000000a4b80000, 0x00000000d5580000)
  object space 601600K, 99% used [0x0000000080000000,0x00000000a4b64360,0x00000000a4b80000)
 Metaspace       used 84716K, committed 86464K, reserved 1179648K
  class space    used 8446K, committed 9216K, reserved 1048576K
}
Event: 2947.464 GC heap before
{Heap before GC invocations=1232 (full 4):
 PSYoungGen      total 7680K, used 7552K [0x00000000d5580000, 0x00000000d5e00000, 0x0000000100000000)
  eden space 7168K, 100% used [0x00000000d5580000,0x00000000d5c80000,0x00000000d5c80000)
  from space 512K, 75% used [0x00000000d5d00000,0x00000000d5d60000,0x00000000d5d80000)
  to   space 512K, 0% used [0x00000000d5d80000,0x00000000d5d80000,0x00000000d5e00000)
 ParOldGen       total 601600K, used 601488K [0x0000000080000000, 0x00000000a4b80000, 0x00000000d5580000)
  object space 601600K, 99% used [0x0000000080000000,0x00000000a4b64360,0x00000000a4b80000)
 Metaspace       used 84716K, committed 86464K, reserved 1179648K
  class space    used 8446K, committed 9216K, reserved 1048576K
}
Event: 2947.465 GC heap after
{Heap after GC invocations=1232 (full 4):
 PSYoungGen      total 7680K, used 512K [0x00000000d5580000, 0x00000000d5e80000, 0x0000000100000000)
  eden space 7168K, 0% used [0x00000000d5580000,0x00000000d5580000,0x00000000d5c80000)
  from space 512K, 100% used [0x00000000d5d80000,0x00000000d5e00000,0x00000000d5e00000)
  to   space 1024K, 0% used [0x00000000d5c80000,0x00000000d5c80000,0x00000000d5d80000)
 ParOldGen       total 602112K, used 601744K [0x0000000080000000, 0x00000000a4c00000, 0x00000000d5580000)
  object space 602112K, 99% used [0x0000000080000000,0x00000000a4ba4360,0x00000000a4c00000)
 Metaspace       used 84716K, committed 86464K, reserved 1179648K
  class space    used 8446K, committed 9216K, reserved 1048576K
}
Event: 2947.651 GC heap before
{Heap before GC invocations=1233 (full 4):
 PSYoungGen      total 7680K, used 7680K [0x00000000d5580000, 0x00000000d5e80000, 0x0000000100000000)
  eden space 7168K, 100% used [0x00000000d5580000,0x00000000d5c80000,0x00000000d5c80000)
  from space 512K, 100% used [0x00000000d5d80000,0x00000000d5e00000,0x00000000d5e00000)
  to   space 1024K, 0% used [0x00000000d5c80000,0x00000000d5c80000,0x00000000d5d80000)
 ParOldGen       total 602112K, used 601744K [0x0000000080000000, 0x00000000a4c00000, 0x00000000d5580000)
  object space 602112K, 99% used [0x0000000080000000,0x00000000a4ba4360,0x00000000a4c00000)
 Metaspace       used 84716K, committed 86464K, reserved 1179648K
  class space    used 8446K, committed 9216K, reserved 1048576K
}
Event: 2947.652 GC heap after
{Heap after GC invocations=1233 (full 4):
 PSYoungGen      total 8192K, used 832K [0x00000000d5580000, 0x00000000d5e80000, 0x0000000100000000)
  eden space 7168K, 0% used [0x00000000d5580000,0x00000000d5580000,0x00000000d5c80000)
  from space 1024K, 81% used [0x00000000d5c80000,0x00000000d5d50000,0x00000000d5d80000)
  to   space 1024K, 0% used [0x00000000d5d80000,0x00000000d5d80000,0x00000000d5e80000)
 ParOldGen       total 602112K, used 601992K [0x0000000080000000, 0x00000000a4c00000, 0x00000000d5580000)
  object space 602112K, 99% used [0x0000000080000000,0x00000000a4be2360,0x00000000a4c00000)
 Metaspace       used 84716K, committed 86464K, reserved 1179648K
  class space    used 8446K, committed 9216K, reserved 1048576K
}
Event: 2947.778 GC heap before
{Heap before GC invocations=1234 (full 4):
 PSYoungGen      total 8192K, used 8000K [0x00000000d5580000, 0x00000000d5e80000, 0x0000000100000000)
  eden space 7168K, 100% used [0x00000000d5580000,0x00000000d5c80000,0x00000000d5c80000)
  from space 1024K, 81% used [0x00000000d5c80000,0x00000000d5d50000,0x00000000d5d80000)
  to   space 1024K, 0% used [0x00000000d5d80000,0x00000000d5d80000,0x00000000d5e80000)
 ParOldGen       total 602112K, used 601992K [0x0000000080000000, 0x00000000a4c00000, 0x00000000d5580000)
  object space 602112K, 99% used [0x0000000080000000,0x00000000a4be2360,0x00000000a4c00000)
 Metaspace       used 84716K, committed 86464K, reserved 1179648K
  class space    used 8446K, committed 9216K, reserved 1048576K
}
Event: 2947.780 GC heap after
{Heap after GC invocations=1234 (full 4):
 PSYoungGen      total 8192K, used 800K [0x00000000d5580000, 0x00000000d5e80000, 0x0000000100000000)
  eden space 7168K, 0% used [0x00000000d5580000,0x00000000d5580000,0x00000000d5c80000)
  from space 1024K, 78% used [0x00000000d5d80000,0x00000000d5e48000,0x00000000d5e80000)
  to   space 1024K, 0% used [0x00000000d5c80000,0x00000000d5c80000,0x00000000d5d80000)
 ParOldGen       total 603136K, used 602680K [0x0000000080000000, 0x00000000a4d00000, 0x00000000d5580000)
  object space 603136K, 99% used [0x0000000080000000,0x00000000a4c8e360,0x00000000a4d00000)
 Metaspace       used 84716K, committed 86464K, reserved 1179648K
  class space    used 8446K, committed 9216K, reserved 1048576K
}
Event: 3206.292 GC heap before
{Heap before GC invocations=1235 (full 4):
 PSYoungGen      total 8192K, used 7968K [0x00000000d5580000, 0x00000000d5e80000, 0x0000000100000000)
  eden space 7168K, 100% used [0x00000000d5580000,0x00000000d5c80000,0x00000000d5c80000)
  from space 1024K, 78% used [0x00000000d5d80000,0x00000000d5e48000,0x00000000d5e80000)
  to   space 1024K, 0% used [0x00000000d5c80000,0x00000000d5c80000,0x00000000d5d80000)
 ParOldGen       total 603136K, used 602680K [0x0000000080000000, 0x00000000a4d00000, 0x00000000d5580000)
  object space 603136K, 99% used [0x0000000080000000,0x00000000a4c8e360,0x00000000a4d00000)
 Metaspace       used 84724K, committed 86528K, reserved 1179648K
  class space    used 8446K, committed 9216K, reserved 1048576K
}
Event: 3206.294 GC heap after
{Heap after GC invocations=1235 (full 4):
 PSYoungGen      total 8192K, used 320K [0x00000000d5580000, 0x00000000d5e00000, 0x0000000100000000)
  eden space 7168K, 0% used [0x00000000d5580000,0x00000000d5580000,0x00000000d5c80000)
  from space 1024K, 31% used [0x00000000d5c80000,0x00000000d5cd0000,0x00000000d5d80000)
  to   space 512K, 0% used [0x00000000d5d80000,0x00000000d5d80000,0x00000000d5e00000)
 ParOldGen       total 603136K, used 602784K [0x0000000080000000, 0x00000000a4d00000, 0x00000000d5580000)
  object space 603136K, 99% used [0x0000000080000000,0x00000000a4ca8360,0x00000000a4d00000)
 Metaspace       used 84724K, committed 86528K, reserved 1179648K
  class space    used 8446K, committed 9216K, reserved 1048576K
}
Event: 3206.426 GC heap before
{Heap before GC invocations=1236 (full 4):
 PSYoungGen      total 8192K, used 2086K [0x00000000d5580000, 0x00000000d5e00000, 0x0000000100000000)
  eden space 7168K, 24% used [0x00000000d5580000,0x00000000d5739ae0,0x00000000d5c80000)
  from space 1024K, 31% used [0x00000000d5c80000,0x00000000d5cd0000,0x00000000d5d80000)
  to   space 512K, 0% used [0x00000000d5d80000,0x00000000d5d80000,0x00000000d5e00000)
 ParOldGen       total 603136K, used 602784K [0x0000000080000000, 0x00000000a4d00000, 0x00000000d5580000)
  object space 603136K, 99% used [0x0000000080000000,0x00000000a4ca8360,0x00000000a4d00000)
 Metaspace       used 84738K, committed 86528K, reserved 1179648K
  class space    used 8446K, committed 9216K, reserved 1048576K
}
Event: 3206.427 GC heap after
{Heap after GC invocations=1236 (full 4):
 PSYoungGen      total 7680K, used 352K [0x00000000d5580000, 0x00000000d5e00000, 0x0000000100000000)
  eden space 7168K, 0% used [0x00000000d5580000,0x00000000d5580000,0x00000000d5c80000)
  from space 512K, 68% used [0x00000000d5d80000,0x00000000d5dd8000,0x00000000d5e00000)
  to   space 512K, 0% used [0x00000000d5d00000,0x00000000d5d00000,0x00000000d5d80000)
 ParOldGen       total 603136K, used 602913K [0x0000000080000000, 0x00000000a4d00000, 0x00000000d5580000)
  object space 603136K, 99% used [0x0000000080000000,0x00000000a4cc8508,0x00000000a4d00000)
 Metaspace       used 84738K, committed 86528K, reserved 1179648K
  class space    used 8446K, committed 9216K, reserved 1048576K
}
Event: 3206.427 GC heap before
{Heap before GC invocations=1237 (full 5):
 PSYoungGen      total 7680K, used 352K [0x00000000d5580000, 0x00000000d5e00000, 0x0000000100000000)
  eden space 7168K, 0% used [0x00000000d5580000,0x00000000d5580000,0x00000000d5c80000)
  from space 512K, 68% used [0x00000000d5d80000,0x00000000d5dd8000,0x00000000d5e00000)
  to   space 512K, 0% used [0x00000000d5d00000,0x00000000d5d00000,0x00000000d5d80000)
 ParOldGen       total 603136K, used 602913K [0x0000000080000000, 0x00000000a4d00000, 0x00000000d5580000)
  object space 603136K, 99% used [0x0000000080000000,0x00000000a4cc8508,0x00000000a4d00000)
 Metaspace       used 84738K, committed 86528K, reserved 1179648K
  class space    used 8446K, committed 9216K, reserved 1048576K
}
Event: 3206.839 GC heap after
{Heap after GC invocations=1237 (full 5):
 PSYoungGen      total 7680K, used 0K [0x00000000d5580000, 0x00000000d5e00000, 0x0000000100000000)
  eden space 7168K, 0% used [0x00000000d5580000,0x00000000d5580000,0x00000000d5c80000)
  from space 512K, 0% used [0x00000000d5d80000,0x00000000d5d80000,0x00000000d5e00000)
  to   space 512K, 0% used [0x00000000d5d00000,0x00000000d5d00000,0x00000000d5d80000)
 ParOldGen       total 603136K, used 114245K [0x0000000080000000, 0x00000000a4d00000, 0x00000000d5580000)
  object space 603136K, 18% used [0x0000000080000000,0x0000000086f91550,0x00000000a4d00000)
 Metaspace       used 84327K, committed 86528K, reserved 1179648K
  class space    used 8335K, committed 9216K, reserved 1048576K
}

